[2017-10-24 04:03:20] production.ERROR: PDOException: SQLSTATE[HY000] [2002] Connection timed out in /usr/share/nginx/html/vendor/doctrine/dbal/lib/Doctrine/DBAL/Driver/PDOConnection.php:43
Stack trace:
#0 /usr/share/nginx/html/vendor/doctrine/dbal/lib/Doctrine/DBAL/Driver/PDOConnection.php(43): PDO->__construct('mysql:host=192....', 'root', 'my-secret-pw', Array)
#1 /usr/share/nginx/html/vendor/laravel/framework/src/Illuminate/Database/Connectors/Connector.php(64): Doctrine\DBAL\Driver\PDOConnection->__construct('mysql:host=192....', 'root', 'my-secret-pw', Array)
#2 /usr/share/nginx/html/vendor/laravel/framework/src/Illuminate/Database/Connectors/Connector.php(43): Illuminate\Database\Connectors\Connector->createPdoConnection('mysql:host=192....', 'root', 'my-secret-pw', Array)
#3 /usr/share/nginx/html/vendor/laravel/framework/src/Illuminate/Database/Connectors/MySqlConnector.php(24): Illuminate\Database\Connectors\Connector->createConnection('mysql:host=192....', Array, Array)
#4 /usr/share/nginx/html/vendor/october/rain/src/Database/Connectors/ConnectionFactory.php(28): Illuminate\Database\Connectors\MySqlConnector->connect(Array)
#5 [internal function]: October\Rain\Database\Connectors\ConnectionFactory->October\Rain\Database\Connectors\{closure}()
#6 /usr/share/nginx/html/vendor/laravel/framework/src/Illuminate/Database/Connection.php(915): call_user_func(Object(Closure))
#7 /usr/share/nginx/html/vendor/laravel/framework/src/Illuminate/Database/Connection.php(940): Illuminate\Database\Connection->getPdo()
#8 /usr/share/nginx/html/vendor/laravel/framework/src/Illuminate/Database/Connection.php(399): Illuminate\Database\Connection->getReadPdo()
#9 /usr/share/nginx/html/vendor/laravel/framework/src/Illuminate/Database/Connection.php(325): Illuminate\Database\Connection->getPdoForSelect(true)
#10 /usr/share/nginx/html/vendor/laravel/framework/src/Illuminate/Database/Connection.php(657): Illuminate\Database\Connection->Illuminate\Database\{closure}('select * from i...', Array)
#11 /usr/share/nginx/html/vendor/laravel/framework/src/Illuminate/Database/Connection.php(624): Illuminate\Database\Connection->runQueryCallback('select * from i...', Array, Object(Closure))
#12 /usr/share/nginx/html/vendor/laravel/framework/src/Illuminate/Database/Connection.php(333): Illuminate\Database\Connection->run('select * from i...', Array, Object(Closure))
#13 /usr/share/nginx/html/vendor/laravel/framework/src/Illuminate/Database/Schema/MySqlBuilder.php(18): Illuminate\Database\Connection->select('select * from i...', Array)
#14 /usr/share/nginx/html/vendor/laravel/framework/src/Illuminate/Support/Facades/Facade.php(221): Illuminate\Database\Schema\MySqlBuilder->hasTable('migrations')
#15 /usr/share/nginx/html/modules/system/Classes/UpdateManager.php(136): Illuminate\Support\Facades\Facade::__callStatic('hasTable', Array)
#16 /usr/share/nginx/html/modules/system/Console/OctoberUp.php(45): System\Classes\UpdateManager->update()
#17 [internal function]: System\Console\OctoberUp->handle()
#18 /usr/share/nginx/html/vendor/laravel/framework/src/Illuminate/Container/BoundMethod.php(29): call_user_func_array(Array, Array)
#19 /usr/share/nginx/html/vendor/laravel/framework/src/Illuminate/Container/BoundMethod.php(87): Illuminate\Container\BoundMethod::Illuminate\Container\{closure}()
#20 /usr/share/nginx/html/vendor/laravel/framework/src/Illuminate/Container/BoundMethod.php(31): Illuminate\Container\BoundMethod::callBoundMethod(Object(October\Rain\Foundation\Application), Array, Object(Closure))
#21 /usr/share/nginx/html/vendor/laravel/framework/src/Illuminate/Container/Container.php(549): Illuminate\Container\BoundMethod::call(Object(October\Rain\Foundation\Application), Array, Array, NULL)
#22 /usr/share/nginx/html/vendor/laravel/framework/src/Illuminate/Console/Command.php(180): Illuminate\Container\Container->call(Array)
#23 /usr/share/nginx/html/vendor/symfony/console/Command/Command.php(262): Illuminate\Console\Command->execute(Object(Symfony\Component\Console\Input\ArgvInput), Object(Illuminate\Console\OutputStyle))
#24 /usr/share/nginx/html/vendor/laravel/framework/src/Illuminate/Console/Command.php(167): Symfony\Component\Console\Command\Command->run(Object(Symfony\Component\Console\Input\ArgvInput), Object(Illuminate\Console\OutputStyle))
#25 /usr/share/nginx/html/vendor/symfony/console/Application.php(888): Illuminate\Console\Command->run(Object(Symfony\Component\Console\Input\ArgvInput), Object(Symfony\Component\Console\Output\ConsoleOutput))
#26 /usr/share/nginx/html/vendor/symfony/console/Application.php(224): Symfony\Component\Console\Application->doRunCommand(Object(System\Console\OctoberUp), Object(Symfony\Component\Console\Input\ArgvInput), Object(Symfony\Component\Console\Output\ConsoleOutput))
#27 /usr/share/nginx/html/vendor/symfony/console/Application.php(125): Symfony\Component\Console\Application->doRun(Object(Symfony\Component\Console\Input\ArgvInput), Object(Symfony\Component\Console\Output\ConsoleOutput))
#28 /usr/share/nginx/html/vendor/laravel/framework/src/Illuminate/Console/Application.php(88): Symfony\Component\Console\Application->run(Object(Symfony\Component\Console\Input\ArgvInput), Object(Symfony\Component\Console\Output\ConsoleOutput))
#29 /usr/share/nginx/html/vendor/laravel/framework/src/Illuminate/Foundation/Console/Kernel.php(121): Illuminate\Console\Application->run(Object(Symfony\Component\Console\Input\ArgvInput), Object(Symfony\Component\Console\Output\ConsoleOutput))
#30 /usr/share/nginx/html/artisan(35): Illuminate\Foundation\Console\Kernel->handle(Object(Symfony\Component\Console\Input\ArgvInput), Object(Symfony\Component\Console\Output\ConsoleOutput))
#31 {main}

Next Doctrine\DBAL\Driver\PDOException: SQLSTATE[HY000] [2002] Connection timed out in /usr/share/nginx/html/vendor/doctrine/dbal/lib/Doctrine/DBAL/Driver/PDOConnection.php:47
Stack trace:
#0 /usr/share/nginx/html/vendor/laravel/framework/src/Illuminate/Database/Connectors/Connector.php(64): Doctrine\DBAL\Driver\PDOConnection->__construct('mysql:host=192....', 'root', 'my-secret-pw', Array)
#1 /usr/share/nginx/html/vendor/laravel/framework/src/Illuminate/Database/Connectors/Connector.php(43): Illuminate\Database\Connectors\Connector->createPdoConnection('mysql:host=192....', 'root', 'my-secret-pw', Array)
#2 /usr/share/nginx/html/vendor/laravel/framework/src/Illuminate/Database/Connectors/MySqlConnector.php(24): Illuminate\Database\Connectors\Connector->createConnection('mysql:host=192....', Array, Array)
#3 /usr/share/nginx/html/vendor/october/rain/src/Database/Connectors/ConnectionFactory.php(28): Illuminate\Database\Connectors\MySqlConnector->connect(Array)
#4 [internal function]: October\Rain\Database\Connectors\ConnectionFactory->October\Rain\Database\Connectors\{closure}()
#5 /usr/share/nginx/html/vendor/laravel/framework/src/Illuminate/Database/Connection.php(915): call_user_func(Object(Closure))
#6 /usr/share/nginx/html/vendor/laravel/framework/src/Illuminate/Database/Connection.php(940): Illuminate\Database\Connection->getPdo()
#7 /usr/share/nginx/html/vendor/laravel/framework/src/Illuminate/Database/Connection.php(399): Illuminate\Database\Connection->getReadPdo()
#8 /usr/share/nginx/html/vendor/laravel/framework/src/Illuminate/Database/Connection.php(325): Illuminate\Database\Connection->getPdoForSelect(true)
#9 /usr/share/nginx/html/vendor/laravel/framework/src/Illuminate/Database/Connection.php(657): Illuminate\Database\Connection->Illuminate\Database\{closure}('select * from i...', Array)
#10 /usr/share/nginx/html/vendor/laravel/framework/src/Illuminate/Database/Connection.php(624): Illuminate\Database\Connection->runQueryCallback('select * from i...', Array, Object(Closure))
#11 /usr/share/nginx/html/vendor/laravel/framework/src/Illuminate/Database/Connection.php(333): Illuminate\Database\Connection->run('select * from i...', Array, Object(Closure))
#12 /usr/share/nginx/html/vendor/laravel/framework/src/Illuminate/Database/Schema/MySqlBuilder.php(18): Illuminate\Database\Connection->select('select * from i...', Array)
#13 /usr/share/nginx/html/vendor/laravel/framework/src/Illuminate/Support/Facades/Facade.php(221): Illuminate\Database\Schema\MySqlBuilder->hasTable('migrations')
#14 /usr/share/nginx/html/modules/system/Classes/UpdateManager.php(136): Illuminate\Support\Facades\Facade::__callStatic('hasTable', Array)
#15 /usr/share/nginx/html/modules/system/Console/OctoberUp.php(45): System\Classes\UpdateManager->update()
#16 [internal function]: System\Console\OctoberUp->handle()
#17 /usr/share/nginx/html/vendor/laravel/framework/src/Illuminate/Container/BoundMethod.php(29): call_user_func_array(Array, Array)
#18 /usr/share/nginx/html/vendor/laravel/framework/src/Illuminate/Container/BoundMethod.php(87): Illuminate\Container\BoundMethod::Illuminate\Container\{closure}()
#19 /usr/share/nginx/html/vendor/laravel/framework/src/Illuminate/Container/BoundMethod.php(31): Illuminate\Container\BoundMethod::callBoundMethod(Object(October\Rain\Foundation\Application), Array, Object(Closure))
#20 /usr/share/nginx/html/vendor/laravel/framework/src/Illuminate/Container/Container.php(549): Illuminate\Container\BoundMethod::call(Object(October\Rain\Foundation\Application), Array, Array, NULL)
#21 /usr/share/nginx/html/vendor/laravel/framework/src/Illuminate/Console/Command.php(180): Illuminate\Container\Container->call(Array)
#22 /usr/share/nginx/html/vendor/symfony/console/Command/Command.php(262): Illuminate\Console\Command->execute(Object(Symfony\Component\Console\Input\ArgvInput), Object(Illuminate\Console\OutputStyle))
#23 /usr/share/nginx/html/vendor/laravel/framework/src/Illuminate/Console/Command.php(167): Symfony\Component\Console\Command\Command->run(Object(Symfony\Component\Console\Input\ArgvInput), Object(Illuminate\Console\OutputStyle))
#24 /usr/share/nginx/html/vendor/symfony/console/Application.php(888): Illuminate\Console\Command->run(Object(Symfony\Component\Console\Input\ArgvInput), Object(Symfony\Component\Console\Output\ConsoleOutput))
#25 /usr/share/nginx/html/vendor/symfony/console/Application.php(224): Symfony\Component\Console\Application->doRunCommand(Object(System\Console\OctoberUp), Object(Symfony\Component\Console\Input\ArgvInput), Object(Symfony\Component\Console\Output\ConsoleOutput))
#26 /usr/share/nginx/html/vendor/symfony/console/Application.php(125): Symfony\Component\Console\Application->doRun(Object(Symfony\Component\Console\Input\ArgvInput), Object(Symfony\Component\Console\Output\ConsoleOutput))
#27 /usr/share/nginx/html/vendor/laravel/framework/src/Illuminate/Console/Application.php(88): Symfony\Component\Console\Application->run(Object(Symfony\Component\Console\Input\ArgvInput), Object(Symfony\Component\Console\Output\ConsoleOutput))
#28 /usr/share/nginx/html/vendor/laravel/framework/src/Illuminate/Foundation/Console/Kernel.php(121): Illuminate\Console\Application->run(Object(Symfony\Component\Console\Input\ArgvInput), Object(Symfony\Component\Console\Output\ConsoleOutput))
#29 /usr/share/nginx/html/artisan(35): Illuminate\Foundation\Console\Kernel->handle(Object(Symfony\Component\Console\Input\ArgvInput), Object(Symfony\Component\Console\Output\ConsoleOutput))
#30 {main}

Next Illuminate\Database\QueryException: SQLSTATE[HY000] [2002] Connection timed out (SQL: select * from information_schema.tables where table_schema = october_db and table_name = migrations) in /usr/share/nginx/html/vendor/laravel/framework/src/Illuminate/Database/Connection.php:664
Stack trace:
#0 /usr/share/nginx/html/vendor/laravel/framework/src/Illuminate/Database/Connection.php(624): Illuminate\Database\Connection->runQueryCallback('select * from i...', Array, Object(Closure))
#1 /usr/share/nginx/html/vendor/laravel/framework/src/Illuminate/Database/Connection.php(333): Illuminate\Database\Connection->run('select * from i...', Array, Object(Closure))
#2 /usr/share/nginx/html/vendor/laravel/framework/src/Illuminate/Database/Schema/MySqlBuilder.php(18): Illuminate\Database\Connection->select('select * from i...', Array)
#3 /usr/share/nginx/html/vendor/laravel/framework/src/Illuminate/Support/Facades/Facade.php(221): Illuminate\Database\Schema\MySqlBuilder->hasTable('migrations')
#4 /usr/share/nginx/html/modules/system/Classes/UpdateManager.php(136): Illuminate\Support\Facades\Facade::__callStatic('hasTable', Array)
#5 /usr/share/nginx/html/modules/system/Console/OctoberUp.php(45): System\Classes\UpdateManager->update()
#6 [internal function]: System\Console\OctoberUp->handle()
#7 /usr/share/nginx/html/vendor/laravel/framework/src/Illuminate/Container/BoundMethod.php(29): call_user_func_array(Array, Array)
#8 /usr/share/nginx/html/vendor/laravel/framework/src/Illuminate/Container/BoundMethod.php(87): Illuminate\Container\BoundMethod::Illuminate\Container\{closure}()
#9 /usr/share/nginx/html/vendor/laravel/framework/src/Illuminate/Container/BoundMethod.php(31): Illuminate\Container\BoundMethod::callBoundMethod(Object(October\Rain\Foundation\Application), Array, Object(Closure))
#10 /usr/share/nginx/html/vendor/laravel/framework/src/Illuminate/Container/Container.php(549): Illuminate\Container\BoundMethod::call(Object(October\Rain\Foundation\Application), Array, Array, NULL)
#11 /usr/share/nginx/html/vendor/laravel/framework/src/Illuminate/Console/Command.php(180): Illuminate\Container\Container->call(Array)
#12 /usr/share/nginx/html/vendor/symfony/console/Command/Command.php(262): Illuminate\Console\Command->execute(Object(Symfony\Component\Console\Input\ArgvInput), Object(Illuminate\Console\OutputStyle))
#13 /usr/share/nginx/html/vendor/laravel/framework/src/Illuminate/Console/Command.php(167): Symfony\Component\Console\Command\Command->run(Object(Symfony\Component\Console\Input\ArgvInput), Object(Illuminate\Console\OutputStyle))
#14 /usr/share/nginx/html/vendor/symfony/console/Application.php(888): Illuminate\Console\Command->run(Object(Symfony\Component\Console\Input\ArgvInput), Object(Symfony\Component\Console\Output\ConsoleOutput))
#15 /usr/share/nginx/html/vendor/symfony/console/Application.php(224): Symfony\Component\Console\Application->doRunCommand(Object(System\Console\OctoberUp), Object(Symfony\Component\Console\Input\ArgvInput), Object(Symfony\Component\Console\Output\ConsoleOutput))
#16 /usr/share/nginx/html/vendor/symfony/console/Application.php(125): Symfony\Component\Console\Application->doRun(Object(Symfony\Component\Console\Input\ArgvInput), Object(Symfony\Component\Console\Output\ConsoleOutput))
#17 /usr/share/nginx/html/vendor/laravel/framework/src/Illuminate/Console/Application.php(88): Symfony\Component\Console\Application->run(Object(Symfony\Component\Console\Input\ArgvInput), Object(Symfony\Component\Console\Output\ConsoleOutput))
#18 /usr/share/nginx/html/vendor/laravel/framework/src/Illuminate/Foundation/Console/Kernel.php(121): Illuminate\Console\Application->run(Object(Symfony\Component\Console\Input\ArgvInput), Object(Symfony\Component\Console\Output\ConsoleOutput))
#19 /usr/share/nginx/html/artisan(35): Illuminate\Foundation\Console\Kernel->handle(Object(Symfony\Component\Console\Input\ArgvInput), Object(Symfony\Component\Console\Output\ConsoleOutput))
#20 {main}  
[2018-08-01 16:19:22] production.ERROR: PDOException: SQLSTATE[HY000] [2002] Connection timed out in /usr/share/nginx/html/vendor/doctrine/dbal/lib/Doctrine/DBAL/Driver/PDOConnection.php:43
Stack trace:
#0 /usr/share/nginx/html/vendor/doctrine/dbal/lib/Doctrine/DBAL/Driver/PDOConnection.php(43): PDO->__construct('mysql:host=192....', 'root', 'my-secret-pw', Array)
#1 /usr/share/nginx/html/vendor/laravel/framework/src/Illuminate/Database/Connectors/Connector.php(64): Doctrine\DBAL\Driver\PDOConnection->__construct('mysql:host=192....', 'root', 'my-secret-pw', Array)
#2 /usr/share/nginx/html/vendor/laravel/framework/src/Illuminate/Database/Connectors/Connector.php(43): Illuminate\Database\Connectors\Connector->createPdoConnection('mysql:host=192....', 'root', 'my-secret-pw', Array)
#3 /usr/share/nginx/html/vendor/laravel/framework/src/Illuminate/Database/Connectors/MySqlConnector.php(24): Illuminate\Database\Connectors\Connector->createConnection('mysql:host=192....', Array, Array)
#4 /usr/share/nginx/html/vendor/october/rain/src/Database/Connectors/ConnectionFactory.php(28): Illuminate\Database\Connectors\MySqlConnector->connect(Array)
#5 [internal function]: October\Rain\Database\Connectors\ConnectionFactory->October\Rain\Database\Connectors\{closure}()
#6 /usr/share/nginx/html/vendor/laravel/framework/src/Illuminate/Database/Connection.php(915): call_user_func(Object(Closure))
#7 /usr/share/nginx/html/vendor/laravel/framework/src/Illuminate/Database/Connection.php(940): Illuminate\Database\Connection->getPdo()
#8 /usr/share/nginx/html/vendor/laravel/framework/src/Illuminate/Database/Connection.php(399): Illuminate\Database\Connection->getReadPdo()
#9 /usr/share/nginx/html/vendor/laravel/framework/src/Illuminate/Database/Connection.php(325): Illuminate\Database\Connection->getPdoForSelect(true)
#10 /usr/share/nginx/html/vendor/laravel/framework/src/Illuminate/Database/Connection.php(657): Illuminate\Database\Connection->Illuminate\Database\{closure}('select * from i...', Array)
#11 /usr/share/nginx/html/vendor/laravel/framework/src/Illuminate/Database/Connection.php(624): Illuminate\Database\Connection->runQueryCallback('select * from i...', Array, Object(Closure))
#12 /usr/share/nginx/html/vendor/laravel/framework/src/Illuminate/Database/Connection.php(333): Illuminate\Database\Connection->run('select * from i...', Array, Object(Closure))
#13 /usr/share/nginx/html/vendor/laravel/framework/src/Illuminate/Database/Schema/MySqlBuilder.php(18): Illuminate\Database\Connection->select('select * from i...', Array)
#14 /usr/share/nginx/html/vendor/laravel/framework/src/Illuminate/Support/Facades/Facade.php(221): Illuminate\Database\Schema\MySqlBuilder->hasTable('site_backup_set...')
#15 /usr/share/nginx/html/plugins/rainlab/blog/Plugin.php(172): Illuminate\Support\Facades\Facade::__callStatic('hasTable', Array)
#16 /usr/share/nginx/html/modules/system/ServiceProvider.php(237): RainLab\Blog\Plugin->registerSchedule(Object(Illuminate\Console\Scheduling\Schedule))
#17 [internal function]: System\ServiceProvider->System\{closure}(Object(Illuminate\Console\Scheduling\Schedule))
#18 /usr/share/nginx/html/vendor/october/rain/src/Events/Dispatcher.php(233): call_user_func_array(Object(Closure), Array)
#19 /usr/share/nginx/html/vendor/october/rain/src/Events/Dispatcher.php(197): October\Rain\Events\Dispatcher->dispatch('console.schedul...', Array, false)
#20 /usr/share/nginx/html/vendor/october/rain/src/Foundation/Console/Kernel.php(42): October\Rain\Events\Dispatcher->fire('console.schedul...', Array)
#21 /usr/share/nginx/html/vendor/laravel/framework/src/Illuminate/Foundation/Console/Kernel.php(106): October\Rain\Foundation\Console\Kernel->schedule(Object(Illuminate\Console\Scheduling\Schedule))
#22 /usr/share/nginx/html/vendor/laravel/framework/src/Illuminate/Foundation/Console/Kernel.php(89): Illuminate\Foundation\Console\Kernel->defineConsoleSchedule()
#23 [internal function]: Illuminate\Foundation\Console\Kernel->Illuminate\Foundation\Console\{closure}(Object(October\Rain\Foundation\Application))
#24 /usr/share/nginx/html/vendor/laravel/framework/src/Illuminate/Foundation/Application.php(820): call_user_func(Object(Closure), Object(October\Rain\Foundation\Application))
#25 /usr/share/nginx/html/vendor/laravel/framework/src/Illuminate/Foundation/Application.php(769): Illuminate\Foundation\Application->fireAppCallbacks(Array)
#26 /usr/share/nginx/html/vendor/laravel/framework/src/Illuminate/Foundation/Bootstrap/BootProviders.php(17): Illuminate\Foundation\Application->boot()
#27 /usr/share/nginx/html/vendor/laravel/framework/src/Illuminate/Foundation/Application.php(213): Illuminate\Foundation\Bootstrap\BootProviders->bootstrap(Object(October\Rain\Foundation\Application))
#28 /usr/share/nginx/html/vendor/laravel/framework/src/Illuminate/Foundation/Console/Kernel.php(296): Illuminate\Foundation\Application->bootstrapWith(Array)
#29 /usr/share/nginx/html/vendor/laravel/framework/src/Illuminate/Foundation/Console/Kernel.php(119): Illuminate\Foundation\Console\Kernel->bootstrap()
#30 /usr/share/nginx/html/artisan(35): Illuminate\Foundation\Console\Kernel->handle(Object(Symfony\Component\Console\Input\ArgvInput), Object(Symfony\Component\Console\Output\ConsoleOutput))
#31 {main}

Next Doctrine\DBAL\Driver\PDOException: SQLSTATE[HY000] [2002] Connection timed out in /usr/share/nginx/html/vendor/doctrine/dbal/lib/Doctrine/DBAL/Driver/PDOConnection.php:47
Stack trace:
#0 /usr/share/nginx/html/vendor/laravel/framework/src/Illuminate/Database/Connectors/Connector.php(64): Doctrine\DBAL\Driver\PDOConnection->__construct('mysql:host=192....', 'root', 'my-secret-pw', Array)
#1 /usr/share/nginx/html/vendor/laravel/framework/src/Illuminate/Database/Connectors/Connector.php(43): Illuminate\Database\Connectors\Connector->createPdoConnection('mysql:host=192....', 'root', 'my-secret-pw', Array)
#2 /usr/share/nginx/html/vendor/laravel/framework/src/Illuminate/Database/Connectors/MySqlConnector.php(24): Illuminate\Database\Connectors\Connector->createConnection('mysql:host=192....', Array, Array)
#3 /usr/share/nginx/html/vendor/october/rain/src/Database/Connectors/ConnectionFactory.php(28): Illuminate\Database\Connectors\MySqlConnector->connect(Array)
#4 [internal function]: October\Rain\Database\Connectors\ConnectionFactory->October\Rain\Database\Connectors\{closure}()
#5 /usr/share/nginx/html/vendor/laravel/framework/src/Illuminate/Database/Connection.php(915): call_user_func(Object(Closure))
#6 /usr/share/nginx/html/vendor/laravel/framework/src/Illuminate/Database/Connection.php(940): Illuminate\Database\Connection->getPdo()
#7 /usr/share/nginx/html/vendor/laravel/framework/src/Illuminate/Database/Connection.php(399): Illuminate\Database\Connection->getReadPdo()
#8 /usr/share/nginx/html/vendor/laravel/framework/src/Illuminate/Database/Connection.php(325): Illuminate\Database\Connection->getPdoForSelect(true)
#9 /usr/share/nginx/html/vendor/laravel/framework/src/Illuminate/Database/Connection.php(657): Illuminate\Database\Connection->Illuminate\Database\{closure}('select * from i...', Array)
#10 /usr/share/nginx/html/vendor/laravel/framework/src/Illuminate/Database/Connection.php(624): Illuminate\Database\Connection->runQueryCallback('select * from i...', Array, Object(Closure))
#11 /usr/share/nginx/html/vendor/laravel/framework/src/Illuminate/Database/Connection.php(333): Illuminate\Database\Connection->run('select * from i...', Array, Object(Closure))
#12 /usr/share/nginx/html/vendor/laravel/framework/src/Illuminate/Database/Schema/MySqlBuilder.php(18): Illuminate\Database\Connection->select('select * from i...', Array)
#13 /usr/share/nginx/html/vendor/laravel/framework/src/Illuminate/Support/Facades/Facade.php(221): Illuminate\Database\Schema\MySqlBuilder->hasTable('site_backup_set...')
#14 /usr/share/nginx/html/plugins/rainlab/blog/Plugin.php(172): Illuminate\Support\Facades\Facade::__callStatic('hasTable', Array)
#15 /usr/share/nginx/html/modules/system/ServiceProvider.php(237): RainLab\Blog\Plugin->registerSchedule(Object(Illuminate\Console\Scheduling\Schedule))
#16 [internal function]: System\ServiceProvider->System\{closure}(Object(Illuminate\Console\Scheduling\Schedule))
#17 /usr/share/nginx/html/vendor/october/rain/src/Events/Dispatcher.php(233): call_user_func_array(Object(Closure), Array)
#18 /usr/share/nginx/html/vendor/october/rain/src/Events/Dispatcher.php(197): October\Rain\Events\Dispatcher->dispatch('console.schedul...', Array, false)
#19 /usr/share/nginx/html/vendor/october/rain/src/Foundation/Console/Kernel.php(42): October\Rain\Events\Dispatcher->fire('console.schedul...', Array)
#20 /usr/share/nginx/html/vendor/laravel/framework/src/Illuminate/Foundation/Console/Kernel.php(106): October\Rain\Foundation\Console\Kernel->schedule(Object(Illuminate\Console\Scheduling\Schedule))
#21 /usr/share/nginx/html/vendor/laravel/framework/src/Illuminate/Foundation/Console/Kernel.php(89): Illuminate\Foundation\Console\Kernel->defineConsoleSchedule()
#22 [internal function]: Illuminate\Foundation\Console\Kernel->Illuminate\Foundation\Console\{closure}(Object(October\Rain\Foundation\Application))
#23 /usr/share/nginx/html/vendor/laravel/framework/src/Illuminate/Foundation/Application.php(820): call_user_func(Object(Closure), Object(October\Rain\Foundation\Application))
#24 /usr/share/nginx/html/vendor/laravel/framework/src/Illuminate/Foundation/Application.php(769): Illuminate\Foundation\Application->fireAppCallbacks(Array)
#25 /usr/share/nginx/html/vendor/laravel/framework/src/Illuminate/Foundation/Bootstrap/BootProviders.php(17): Illuminate\Foundation\Application->boot()
#26 /usr/share/nginx/html/vendor/laravel/framework/src/Illuminate/Foundation/Application.php(213): Illuminate\Foundation\Bootstrap\BootProviders->bootstrap(Object(October\Rain\Foundation\Application))
#27 /usr/share/nginx/html/vendor/laravel/framework/src/Illuminate/Foundation/Console/Kernel.php(296): Illuminate\Foundation\Application->bootstrapWith(Array)
#28 /usr/share/nginx/html/vendor/laravel/framework/src/Illuminate/Foundation/Console/Kernel.php(119): Illuminate\Foundation\Console\Kernel->bootstrap()
#29 /usr/share/nginx/html/artisan(35): Illuminate\Foundation\Console\Kernel->handle(Object(Symfony\Component\Console\Input\ArgvInput), Object(Symfony\Component\Console\Output\ConsoleOutput))
#30 {main}

Next Illuminate\Database\QueryException: SQLSTATE[HY000] [2002] Connection timed out (SQL: select * from information_schema.tables where table_schema = october_db and table_name = site_backup_setting) in /usr/share/nginx/html/vendor/laravel/framework/src/Illuminate/Database/Connection.php:664
Stack trace:
#0 /usr/share/nginx/html/vendor/laravel/framework/src/Illuminate/Database/Connection.php(624): Illuminate\Database\Connection->runQueryCallback('select * from i...', Array, Object(Closure))
#1 /usr/share/nginx/html/vendor/laravel/framework/src/Illuminate/Database/Connection.php(333): Illuminate\Database\Connection->run('select * from i...', Array, Object(Closure))
#2 /usr/share/nginx/html/vendor/laravel/framework/src/Illuminate/Database/Schema/MySqlBuilder.php(18): Illuminate\Database\Connection->select('select * from i...', Array)
#3 /usr/share/nginx/html/vendor/laravel/framework/src/Illuminate/Support/Facades/Facade.php(221): Illuminate\Database\Schema\MySqlBuilder->hasTable('site_backup_set...')
#4 /usr/share/nginx/html/plugins/rainlab/blog/Plugin.php(172): Illuminate\Support\Facades\Facade::__callStatic('hasTable', Array)
#5 /usr/share/nginx/html/modules/system/ServiceProvider.php(237): RainLab\Blog\Plugin->registerSchedule(Object(Illuminate\Console\Scheduling\Schedule))
#6 [internal function]: System\ServiceProvider->System\{closure}(Object(Illuminate\Console\Scheduling\Schedule))
#7 /usr/share/nginx/html/vendor/october/rain/src/Events/Dispatcher.php(233): call_user_func_array(Object(Closure), Array)
#8 /usr/share/nginx/html/vendor/october/rain/src/Events/Dispatcher.php(197): October\Rain\Events\Dispatcher->dispatch('console.schedul...', Array, false)
#9 /usr/share/nginx/html/vendor/october/rain/src/Foundation/Console/Kernel.php(42): October\Rain\Events\Dispatcher->fire('console.schedul...', Array)
#10 /usr/share/nginx/html/vendor/laravel/framework/src/Illuminate/Foundation/Console/Kernel.php(106): October\Rain\Foundation\Console\Kernel->schedule(Object(Illuminate\Console\Scheduling\Schedule))
#11 /usr/share/nginx/html/vendor/laravel/framework/src/Illuminate/Foundation/Console/Kernel.php(89): Illuminate\Foundation\Console\Kernel->defineConsoleSchedule()
#12 [internal function]: Illuminate\Foundation\Console\Kernel->Illuminate\Foundation\Console\{closure}(Object(October\Rain\Foundation\Application))
#13 /usr/share/nginx/html/vendor/laravel/framework/src/Illuminate/Foundation/Application.php(820): call_user_func(Object(Closure), Object(October\Rain\Foundation\Application))
#14 /usr/share/nginx/html/vendor/laravel/framework/src/Illuminate/Foundation/Application.php(769): Illuminate\Foundation\Application->fireAppCallbacks(Array)
#15 /usr/share/nginx/html/vendor/laravel/framework/src/Illuminate/Foundation/Bootstrap/BootProviders.php(17): Illuminate\Foundation\Application->boot()
#16 /usr/share/nginx/html/vendor/laravel/framework/src/Illuminate/Foundation/Application.php(213): Illuminate\Foundation\Bootstrap\BootProviders->bootstrap(Object(October\Rain\Foundation\Application))
#17 /usr/share/nginx/html/vendor/laravel/framework/src/Illuminate/Foundation/Console/Kernel.php(296): Illuminate\Foundation\Application->bootstrapWith(Array)
#18 /usr/share/nginx/html/vendor/laravel/framework/src/Illuminate/Foundation/Console/Kernel.php(119): Illuminate\Foundation\Console\Kernel->bootstrap()
#19 /usr/share/nginx/html/artisan(35): Illuminate\Foundation\Console\Kernel->handle(Object(Symfony\Component\Console\Input\ArgvInput), Object(Symfony\Component\Console\Output\ConsoleOutput))
#20 {main}  
[2018-08-01 16:28:21] production.ERROR: PDOException: SQLSTATE[HY000] [1130] Host '192.168.1.109' is not allowed to connect to this MySQL server in /usr/share/nginx/html/vendor/doctrine/dbal/lib/Doctrine/DBAL/Driver/PDOConnection.php:43
Stack trace:
#0 /usr/share/nginx/html/vendor/doctrine/dbal/lib/Doctrine/DBAL/Driver/PDOConnection.php(43): PDO->__construct('mysql:host=192....', 'root', 'my-secret-pw', Array)
#1 /usr/share/nginx/html/vendor/laravel/framework/src/Illuminate/Database/Connectors/Connector.php(64): Doctrine\DBAL\Driver\PDOConnection->__construct('mysql:host=192....', 'root', 'my-secret-pw', Array)
#2 /usr/share/nginx/html/vendor/laravel/framework/src/Illuminate/Database/Connectors/Connector.php(43): Illuminate\Database\Connectors\Connector->createPdoConnection('mysql:host=192....', 'root', 'my-secret-pw', Array)
#3 /usr/share/nginx/html/vendor/laravel/framework/src/Illuminate/Database/Connectors/MySqlConnector.php(24): Illuminate\Database\Connectors\Connector->createConnection('mysql:host=192....', Array, Array)
#4 /usr/share/nginx/html/vendor/october/rain/src/Database/Connectors/ConnectionFactory.php(28): Illuminate\Database\Connectors\MySqlConnector->connect(Array)
#5 [internal function]: October\Rain\Database\Connectors\ConnectionFactory->October\Rain\Database\Connectors\{closure}()
#6 /usr/share/nginx/html/vendor/laravel/framework/src/Illuminate/Database/Connection.php(915): call_user_func(Object(Closure))
#7 /usr/share/nginx/html/vendor/laravel/framework/src/Illuminate/Database/Connection.php(940): Illuminate\Database\Connection->getPdo()
#8 /usr/share/nginx/html/vendor/laravel/framework/src/Illuminate/Database/Connection.php(399): Illuminate\Database\Connection->getReadPdo()
#9 /usr/share/nginx/html/vendor/laravel/framework/src/Illuminate/Database/Connection.php(325): Illuminate\Database\Connection->getPdoForSelect(true)
#10 /usr/share/nginx/html/vendor/laravel/framework/src/Illuminate/Database/Connection.php(657): Illuminate\Database\Connection->Illuminate\Database\{closure}('select * from i...', Array)
#11 /usr/share/nginx/html/vendor/laravel/framework/src/Illuminate/Database/Connection.php(624): Illuminate\Database\Connection->runQueryCallback('select * from i...', Array, Object(Closure))
#12 /usr/share/nginx/html/vendor/laravel/framework/src/Illuminate/Database/Connection.php(333): Illuminate\Database\Connection->run('select * from i...', Array, Object(Closure))
#13 /usr/share/nginx/html/vendor/laravel/framework/src/Illuminate/Database/Schema/MySqlBuilder.php(18): Illuminate\Database\Connection->select('select * from i...', Array)
#14 /usr/share/nginx/html/vendor/laravel/framework/src/Illuminate/Support/Facades/Facade.php(221): Illuminate\Database\Schema\MySqlBuilder->hasTable('site_backup_set...')
#15 /usr/share/nginx/html/plugins/rainlab/blog/Plugin.php(172): Illuminate\Support\Facades\Facade::__callStatic('hasTable', Array)
#16 /usr/share/nginx/html/modules/system/ServiceProvider.php(237): RainLab\Blog\Plugin->registerSchedule(Object(Illuminate\Console\Scheduling\Schedule))
#17 [internal function]: System\ServiceProvider->System\{closure}(Object(Illuminate\Console\Scheduling\Schedule))
#18 /usr/share/nginx/html/vendor/october/rain/src/Events/Dispatcher.php(233): call_user_func_array(Object(Closure), Array)
#19 /usr/share/nginx/html/vendor/october/rain/src/Events/Dispatcher.php(197): October\Rain\Events\Dispatcher->dispatch('console.schedul...', Array, false)
#20 /usr/share/nginx/html/vendor/october/rain/src/Foundation/Console/Kernel.php(42): October\Rain\Events\Dispatcher->fire('console.schedul...', Array)
#21 /usr/share/nginx/html/vendor/laravel/framework/src/Illuminate/Foundation/Console/Kernel.php(106): October\Rain\Foundation\Console\Kernel->schedule(Object(Illuminate\Console\Scheduling\Schedule))
#22 /usr/share/nginx/html/vendor/laravel/framework/src/Illuminate/Foundation/Console/Kernel.php(89): Illuminate\Foundation\Console\Kernel->defineConsoleSchedule()
#23 [internal function]: Illuminate\Foundation\Console\Kernel->Illuminate\Foundation\Console\{closure}(Object(October\Rain\Foundation\Application))
#24 /usr/share/nginx/html/vendor/laravel/framework/src/Illuminate/Foundation/Application.php(820): call_user_func(Object(Closure), Object(October\Rain\Foundation\Application))
#25 /usr/share/nginx/html/vendor/laravel/framework/src/Illuminate/Foundation/Application.php(769): Illuminate\Foundation\Application->fireAppCallbacks(Array)
#26 /usr/share/nginx/html/vendor/laravel/framework/src/Illuminate/Foundation/Bootstrap/BootProviders.php(17): Illuminate\Foundation\Application->boot()
#27 /usr/share/nginx/html/vendor/laravel/framework/src/Illuminate/Foundation/Application.php(213): Illuminate\Foundation\Bootstrap\BootProviders->bootstrap(Object(October\Rain\Foundation\Application))
#28 /usr/share/nginx/html/vendor/laravel/framework/src/Illuminate/Foundation/Console/Kernel.php(296): Illuminate\Foundation\Application->bootstrapWith(Array)
#29 /usr/share/nginx/html/vendor/laravel/framework/src/Illuminate/Foundation/Console/Kernel.php(119): Illuminate\Foundation\Console\Kernel->bootstrap()
#30 /usr/share/nginx/html/artisan(35): Illuminate\Foundation\Console\Kernel->handle(Object(Symfony\Component\Console\Input\ArgvInput), Object(Symfony\Component\Console\Output\ConsoleOutput))
#31 {main}

Next Doctrine\DBAL\Driver\PDOException: SQLSTATE[HY000] [1130] Host '192.168.1.109' is not allowed to connect to this MySQL server in /usr/share/nginx/html/vendor/doctrine/dbal/lib/Doctrine/DBAL/Driver/PDOConnection.php:47
Stack trace:
#0 /usr/share/nginx/html/vendor/laravel/framework/src/Illuminate/Database/Connectors/Connector.php(64): Doctrine\DBAL\Driver\PDOConnection->__construct('mysql:host=192....', 'root', 'my-secret-pw', Array)
#1 /usr/share/nginx/html/vendor/laravel/framework/src/Illuminate/Database/Connectors/Connector.php(43): Illuminate\Database\Connectors\Connector->createPdoConnection('mysql:host=192....', 'root', 'my-secret-pw', Array)
#2 /usr/share/nginx/html/vendor/laravel/framework/src/Illuminate/Database/Connectors/MySqlConnector.php(24): Illuminate\Database\Connectors\Connector->createConnection('mysql:host=192....', Array, Array)
#3 /usr/share/nginx/html/vendor/october/rain/src/Database/Connectors/ConnectionFactory.php(28): Illuminate\Database\Connectors\MySqlConnector->connect(Array)
#4 [internal function]: October\Rain\Database\Connectors\ConnectionFactory->October\Rain\Database\Connectors\{closure}()
#5 /usr/share/nginx/html/vendor/laravel/framework/src/Illuminate/Database/Connection.php(915): call_user_func(Object(Closure))
#6 /usr/share/nginx/html/vendor/laravel/framework/src/Illuminate/Database/Connection.php(940): Illuminate\Database\Connection->getPdo()
#7 /usr/share/nginx/html/vendor/laravel/framework/src/Illuminate/Database/Connection.php(399): Illuminate\Database\Connection->getReadPdo()
#8 /usr/share/nginx/html/vendor/laravel/framework/src/Illuminate/Database/Connection.php(325): Illuminate\Database\Connection->getPdoForSelect(true)
#9 /usr/share/nginx/html/vendor/laravel/framework/src/Illuminate/Database/Connection.php(657): Illuminate\Database\Connection->Illuminate\Database\{closure}('select * from i...', Array)
#10 /usr/share/nginx/html/vendor/laravel/framework/src/Illuminate/Database/Connection.php(624): Illuminate\Database\Connection->runQueryCallback('select * from i...', Array, Object(Closure))
#11 /usr/share/nginx/html/vendor/laravel/framework/src/Illuminate/Database/Connection.php(333): Illuminate\Database\Connection->run('select * from i...', Array, Object(Closure))
#12 /usr/share/nginx/html/vendor/laravel/framework/src/Illuminate/Database/Schema/MySqlBuilder.php(18): Illuminate\Database\Connection->select('select * from i...', Array)
#13 /usr/share/nginx/html/vendor/laravel/framework/src/Illuminate/Support/Facades/Facade.php(221): Illuminate\Database\Schema\MySqlBuilder->hasTable('site_backup_set...')
#14 /usr/share/nginx/html/plugins/rainlab/blog/Plugin.php(172): Illuminate\Support\Facades\Facade::__callStatic('hasTable', Array)
#15 /usr/share/nginx/html/modules/system/ServiceProvider.php(237): RainLab\Blog\Plugin->registerSchedule(Object(Illuminate\Console\Scheduling\Schedule))
#16 [internal function]: System\ServiceProvider->System\{closure}(Object(Illuminate\Console\Scheduling\Schedule))
#17 /usr/share/nginx/html/vendor/october/rain/src/Events/Dispatcher.php(233): call_user_func_array(Object(Closure), Array)
#18 /usr/share/nginx/html/vendor/october/rain/src/Events/Dispatcher.php(197): October\Rain\Events\Dispatcher->dispatch('console.schedul...', Array, false)
#19 /usr/share/nginx/html/vendor/october/rain/src/Foundation/Console/Kernel.php(42): October\Rain\Events\Dispatcher->fire('console.schedul...', Array)
#20 /usr/share/nginx/html/vendor/laravel/framework/src/Illuminate/Foundation/Console/Kernel.php(106): October\Rain\Foundation\Console\Kernel->schedule(Object(Illuminate\Console\Scheduling\Schedule))
#21 /usr/share/nginx/html/vendor/laravel/framework/src/Illuminate/Foundation/Console/Kernel.php(89): Illuminate\Foundation\Console\Kernel->defineConsoleSchedule()
#22 [internal function]: Illuminate\Foundation\Console\Kernel->Illuminate\Foundation\Console\{closure}(Object(October\Rain\Foundation\Application))
#23 /usr/share/nginx/html/vendor/laravel/framework/src/Illuminate/Foundation/Application.php(820): call_user_func(Object(Closure), Object(October\Rain\Foundation\Application))
#24 /usr/share/nginx/html/vendor/laravel/framework/src/Illuminate/Foundation/Application.php(769): Illuminate\Foundation\Application->fireAppCallbacks(Array)
#25 /usr/share/nginx/html/vendor/laravel/framework/src/Illuminate/Foundation/Bootstrap/BootProviders.php(17): Illuminate\Foundation\Application->boot()
#26 /usr/share/nginx/html/vendor/laravel/framework/src/Illuminate/Foundation/Application.php(213): Illuminate\Foundation\Bootstrap\BootProviders->bootstrap(Object(October\Rain\Foundation\Application))
#27 /usr/share/nginx/html/vendor/laravel/framework/src/Illuminate/Foundation/Console/Kernel.php(296): Illuminate\Foundation\Application->bootstrapWith(Array)
#28 /usr/share/nginx/html/vendor/laravel/framework/src/Illuminate/Foundation/Console/Kernel.php(119): Illuminate\Foundation\Console\Kernel->bootstrap()
#29 /usr/share/nginx/html/artisan(35): Illuminate\Foundation\Console\Kernel->handle(Object(Symfony\Component\Console\Input\ArgvInput), Object(Symfony\Component\Console\Output\ConsoleOutput))
#30 {main}

Next Illuminate\Database\QueryException: SQLSTATE[HY000] [1130] Host '192.168.1.109' is not allowed to connect to this MySQL server (SQL: select * from information_schema.tables where table_schema = october_db and table_name = site_backup_setting) in /usr/share/nginx/html/vendor/laravel/framework/src/Illuminate/Database/Connection.php:664
Stack trace:
#0 /usr/share/nginx/html/vendor/laravel/framework/src/Illuminate/Database/Connection.php(624): Illuminate\Database\Connection->runQueryCallback('select * from i...', Array, Object(Closure))
#1 /usr/share/nginx/html/vendor/laravel/framework/src/Illuminate/Database/Connection.php(333): Illuminate\Database\Connection->run('select * from i...', Array, Object(Closure))
#2 /usr/share/nginx/html/vendor/laravel/framework/src/Illuminate/Database/Schema/MySqlBuilder.php(18): Illuminate\Database\Connection->select('select * from i...', Array)
#3 /usr/share/nginx/html/vendor/laravel/framework/src/Illuminate/Support/Facades/Facade.php(221): Illuminate\Database\Schema\MySqlBuilder->hasTable('site_backup_set...')
#4 /usr/share/nginx/html/plugins/rainlab/blog/Plugin.php(172): Illuminate\Support\Facades\Facade::__callStatic('hasTable', Array)
#5 /usr/share/nginx/html/modules/system/ServiceProvider.php(237): RainLab\Blog\Plugin->registerSchedule(Object(Illuminate\Console\Scheduling\Schedule))
#6 [internal function]: System\ServiceProvider->System\{closure}(Object(Illuminate\Console\Scheduling\Schedule))
#7 /usr/share/nginx/html/vendor/october/rain/src/Events/Dispatcher.php(233): call_user_func_array(Object(Closure), Array)
#8 /usr/share/nginx/html/vendor/october/rain/src/Events/Dispatcher.php(197): October\Rain\Events\Dispatcher->dispatch('console.schedul...', Array, false)
#9 /usr/share/nginx/html/vendor/october/rain/src/Foundation/Console/Kernel.php(42): October\Rain\Events\Dispatcher->fire('console.schedul...', Array)
#10 /usr/share/nginx/html/vendor/laravel/framework/src/Illuminate/Foundation/Console/Kernel.php(106): October\Rain\Foundation\Console\Kernel->schedule(Object(Illuminate\Console\Scheduling\Schedule))
#11 /usr/share/nginx/html/vendor/laravel/framework/src/Illuminate/Foundation/Console/Kernel.php(89): Illuminate\Foundation\Console\Kernel->defineConsoleSchedule()
#12 [internal function]: Illuminate\Foundation\Console\Kernel->Illuminate\Foundation\Console\{closure}(Object(October\Rain\Foundation\Application))
#13 /usr/share/nginx/html/vendor/laravel/framework/src/Illuminate/Foundation/Application.php(820): call_user_func(Object(Closure), Object(October\Rain\Foundation\Application))
#14 /usr/share/nginx/html/vendor/laravel/framework/src/Illuminate/Foundation/Application.php(769): Illuminate\Foundation\Application->fireAppCallbacks(Array)
#15 /usr/share/nginx/html/vendor/laravel/framework/src/Illuminate/Foundation/Bootstrap/BootProviders.php(17): Illuminate\Foundation\Application->boot()
#16 /usr/share/nginx/html/vendor/laravel/framework/src/Illuminate/Foundation/Application.php(213): Illuminate\Foundation\Bootstrap\BootProviders->bootstrap(Object(October\Rain\Foundation\Application))
#17 /usr/share/nginx/html/vendor/laravel/framework/src/Illuminate/Foundation/Console/Kernel.php(296): Illuminate\Foundation\Application->bootstrapWith(Array)
#18 /usr/share/nginx/html/vendor/laravel/framework/src/Illuminate/Foundation/Console/Kernel.php(119): Illuminate\Foundation\Console\Kernel->bootstrap()
#19 /usr/share/nginx/html/artisan(35): Illuminate\Foundation\Console\Kernel->handle(Object(Symfony\Component\Console\Input\ArgvInput), Object(Symfony\Component\Console\Output\ConsoleOutput))
#20 {main}  
[2018-08-01 16:32:25] production.ERROR: PDOException: SQLSTATE[HY000] [1130] Host '192.168.1.109' is not allowed to connect to this MySQL server in /usr/share/nginx/html/vendor/doctrine/dbal/lib/Doctrine/DBAL/Driver/PDOConnection.php:43
Stack trace:
#0 /usr/share/nginx/html/vendor/doctrine/dbal/lib/Doctrine/DBAL/Driver/PDOConnection.php(43): PDO->__construct('mysql:host=192....', 'root', 'my-secret-pw', Array)
#1 /usr/share/nginx/html/vendor/laravel/framework/src/Illuminate/Database/Connectors/Connector.php(64): Doctrine\DBAL\Driver\PDOConnection->__construct('mysql:host=192....', 'root', 'my-secret-pw', Array)
#2 /usr/share/nginx/html/vendor/laravel/framework/src/Illuminate/Database/Connectors/Connector.php(43): Illuminate\Database\Connectors\Connector->createPdoConnection('mysql:host=192....', 'root', 'my-secret-pw', Array)
#3 /usr/share/nginx/html/vendor/laravel/framework/src/Illuminate/Database/Connectors/MySqlConnector.php(24): Illuminate\Database\Connectors\Connector->createConnection('mysql:host=192....', Array, Array)
#4 /usr/share/nginx/html/vendor/october/rain/src/Database/Connectors/ConnectionFactory.php(28): Illuminate\Database\Connectors\MySqlConnector->connect(Array)
#5 [internal function]: October\Rain\Database\Connectors\ConnectionFactory->October\Rain\Database\Connectors\{closure}()
#6 /usr/share/nginx/html/vendor/laravel/framework/src/Illuminate/Database/Connection.php(915): call_user_func(Object(Closure))
#7 /usr/share/nginx/html/vendor/laravel/framework/src/Illuminate/Database/Connection.php(940): Illuminate\Database\Connection->getPdo()
#8 /usr/share/nginx/html/vendor/laravel/framework/src/Illuminate/Database/Connection.php(399): Illuminate\Database\Connection->getReadPdo()
#9 /usr/share/nginx/html/vendor/laravel/framework/src/Illuminate/Database/Connection.php(325): Illuminate\Database\Connection->getPdoForSelect(true)
#10 /usr/share/nginx/html/vendor/laravel/framework/src/Illuminate/Database/Connection.php(657): Illuminate\Database\Connection->Illuminate\Database\{closure}('select * from i...', Array)
#11 /usr/share/nginx/html/vendor/laravel/framework/src/Illuminate/Database/Connection.php(624): Illuminate\Database\Connection->runQueryCallback('select * from i...', Array, Object(Closure))
#12 /usr/share/nginx/html/vendor/laravel/framework/src/Illuminate/Database/Connection.php(333): Illuminate\Database\Connection->run('select * from i...', Array, Object(Closure))
#13 /usr/share/nginx/html/vendor/laravel/framework/src/Illuminate/Database/Schema/MySqlBuilder.php(18): Illuminate\Database\Connection->select('select * from i...', Array)
#14 /usr/share/nginx/html/vendor/laravel/framework/src/Illuminate/Support/Facades/Facade.php(221): Illuminate\Database\Schema\MySqlBuilder->hasTable('site_backup_set...')
#15 /usr/share/nginx/html/plugins/rainlab/blog/Plugin.php(172): Illuminate\Support\Facades\Facade::__callStatic('hasTable', Array)
#16 /usr/share/nginx/html/modules/system/ServiceProvider.php(237): RainLab\Blog\Plugin->registerSchedule(Object(Illuminate\Console\Scheduling\Schedule))
#17 [internal function]: System\ServiceProvider->System\{closure}(Object(Illuminate\Console\Scheduling\Schedule))
#18 /usr/share/nginx/html/vendor/october/rain/src/Events/Dispatcher.php(233): call_user_func_array(Object(Closure), Array)
#19 /usr/share/nginx/html/vendor/october/rain/src/Events/Dispatcher.php(197): October\Rain\Events\Dispatcher->dispatch('console.schedul...', Array, false)
#20 /usr/share/nginx/html/vendor/october/rain/src/Foundation/Console/Kernel.php(42): October\Rain\Events\Dispatcher->fire('console.schedul...', Array)
#21 /usr/share/nginx/html/vendor/laravel/framework/src/Illuminate/Foundation/Console/Kernel.php(106): October\Rain\Foundation\Console\Kernel->schedule(Object(Illuminate\Console\Scheduling\Schedule))
#22 /usr/share/nginx/html/vendor/laravel/framework/src/Illuminate/Foundation/Console/Kernel.php(89): Illuminate\Foundation\Console\Kernel->defineConsoleSchedule()
#23 [internal function]: Illuminate\Foundation\Console\Kernel->Illuminate\Foundation\Console\{closure}(Object(October\Rain\Foundation\Application))
#24 /usr/share/nginx/html/vendor/laravel/framework/src/Illuminate/Foundation/Application.php(820): call_user_func(Object(Closure), Object(October\Rain\Foundation\Application))
#25 /usr/share/nginx/html/vendor/laravel/framework/src/Illuminate/Foundation/Application.php(769): Illuminate\Foundation\Application->fireAppCallbacks(Array)
#26 /usr/share/nginx/html/vendor/laravel/framework/src/Illuminate/Foundation/Bootstrap/BootProviders.php(17): Illuminate\Foundation\Application->boot()
#27 /usr/share/nginx/html/vendor/laravel/framework/src/Illuminate/Foundation/Application.php(213): Illuminate\Foundation\Bootstrap\BootProviders->bootstrap(Object(October\Rain\Foundation\Application))
#28 /usr/share/nginx/html/vendor/laravel/framework/src/Illuminate/Foundation/Console/Kernel.php(296): Illuminate\Foundation\Application->bootstrapWith(Array)
#29 /usr/share/nginx/html/vendor/laravel/framework/src/Illuminate/Foundation/Console/Kernel.php(119): Illuminate\Foundation\Console\Kernel->bootstrap()
#30 /usr/share/nginx/html/artisan(35): Illuminate\Foundation\Console\Kernel->handle(Object(Symfony\Component\Console\Input\ArgvInput), Object(Symfony\Component\Console\Output\ConsoleOutput))
#31 {main}

Next Doctrine\DBAL\Driver\PDOException: SQLSTATE[HY000] [1130] Host '192.168.1.109' is not allowed to connect to this MySQL server in /usr/share/nginx/html/vendor/doctrine/dbal/lib/Doctrine/DBAL/Driver/PDOConnection.php:47
Stack trace:
#0 /usr/share/nginx/html/vendor/laravel/framework/src/Illuminate/Database/Connectors/Connector.php(64): Doctrine\DBAL\Driver\PDOConnection->__construct('mysql:host=192....', 'root', 'my-secret-pw', Array)
#1 /usr/share/nginx/html/vendor/laravel/framework/src/Illuminate/Database/Connectors/Connector.php(43): Illuminate\Database\Connectors\Connector->createPdoConnection('mysql:host=192....', 'root', 'my-secret-pw', Array)
#2 /usr/share/nginx/html/vendor/laravel/framework/src/Illuminate/Database/Connectors/MySqlConnector.php(24): Illuminate\Database\Connectors\Connector->createConnection('mysql:host=192....', Array, Array)
#3 /usr/share/nginx/html/vendor/october/rain/src/Database/Connectors/ConnectionFactory.php(28): Illuminate\Database\Connectors\MySqlConnector->connect(Array)
#4 [internal function]: October\Rain\Database\Connectors\ConnectionFactory->October\Rain\Database\Connectors\{closure}()
#5 /usr/share/nginx/html/vendor/laravel/framework/src/Illuminate/Database/Connection.php(915): call_user_func(Object(Closure))
#6 /usr/share/nginx/html/vendor/laravel/framework/src/Illuminate/Database/Connection.php(940): Illuminate\Database\Connection->getPdo()
#7 /usr/share/nginx/html/vendor/laravel/framework/src/Illuminate/Database/Connection.php(399): Illuminate\Database\Connection->getReadPdo()
#8 /usr/share/nginx/html/vendor/laravel/framework/src/Illuminate/Database/Connection.php(325): Illuminate\Database\Connection->getPdoForSelect(true)
#9 /usr/share/nginx/html/vendor/laravel/framework/src/Illuminate/Database/Connection.php(657): Illuminate\Database\Connection->Illuminate\Database\{closure}('select * from i...', Array)
#10 /usr/share/nginx/html/vendor/laravel/framework/src/Illuminate/Database/Connection.php(624): Illuminate\Database\Connection->runQueryCallback('select * from i...', Array, Object(Closure))
#11 /usr/share/nginx/html/vendor/laravel/framework/src/Illuminate/Database/Connection.php(333): Illuminate\Database\Connection->run('select * from i...', Array, Object(Closure))
#12 /usr/share/nginx/html/vendor/laravel/framework/src/Illuminate/Database/Schema/MySqlBuilder.php(18): Illuminate\Database\Connection->select('select * from i...', Array)
#13 /usr/share/nginx/html/vendor/laravel/framework/src/Illuminate/Support/Facades/Facade.php(221): Illuminate\Database\Schema\MySqlBuilder->hasTable('site_backup_set...')
#14 /usr/share/nginx/html/plugins/rainlab/blog/Plugin.php(172): Illuminate\Support\Facades\Facade::__callStatic('hasTable', Array)
#15 /usr/share/nginx/html/modules/system/ServiceProvider.php(237): RainLab\Blog\Plugin->registerSchedule(Object(Illuminate\Console\Scheduling\Schedule))
#16 [internal function]: System\ServiceProvider->System\{closure}(Object(Illuminate\Console\Scheduling\Schedule))
#17 /usr/share/nginx/html/vendor/october/rain/src/Events/Dispatcher.php(233): call_user_func_array(Object(Closure), Array)
#18 /usr/share/nginx/html/vendor/october/rain/src/Events/Dispatcher.php(197): October\Rain\Events\Dispatcher->dispatch('console.schedul...', Array, false)
#19 /usr/share/nginx/html/vendor/october/rain/src/Foundation/Console/Kernel.php(42): October\Rain\Events\Dispatcher->fire('console.schedul...', Array)
#20 /usr/share/nginx/html/vendor/laravel/framework/src/Illuminate/Foundation/Console/Kernel.php(106): October\Rain\Foundation\Console\Kernel->schedule(Object(Illuminate\Console\Scheduling\Schedule))
#21 /usr/share/nginx/html/vendor/laravel/framework/src/Illuminate/Foundation/Console/Kernel.php(89): Illuminate\Foundation\Console\Kernel->defineConsoleSchedule()
#22 [internal function]: Illuminate\Foundation\Console\Kernel->Illuminate\Foundation\Console\{closure}(Object(October\Rain\Foundation\Application))
#23 /usr/share/nginx/html/vendor/laravel/framework/src/Illuminate/Foundation/Application.php(820): call_user_func(Object(Closure), Object(October\Rain\Foundation\Application))
#24 /usr/share/nginx/html/vendor/laravel/framework/src/Illuminate/Foundation/Application.php(769): Illuminate\Foundation\Application->fireAppCallbacks(Array)
#25 /usr/share/nginx/html/vendor/laravel/framework/src/Illuminate/Foundation/Bootstrap/BootProviders.php(17): Illuminate\Foundation\Application->boot()
#26 /usr/share/nginx/html/vendor/laravel/framework/src/Illuminate/Foundation/Application.php(213): Illuminate\Foundation\Bootstrap\BootProviders->bootstrap(Object(October\Rain\Foundation\Application))
#27 /usr/share/nginx/html/vendor/laravel/framework/src/Illuminate/Foundation/Console/Kernel.php(296): Illuminate\Foundation\Application->bootstrapWith(Array)
#28 /usr/share/nginx/html/vendor/laravel/framework/src/Illuminate/Foundation/Console/Kernel.php(119): Illuminate\Foundation\Console\Kernel->bootstrap()
#29 /usr/share/nginx/html/artisan(35): Illuminate\Foundation\Console\Kernel->handle(Object(Symfony\Component\Console\Input\ArgvInput), Object(Symfony\Component\Console\Output\ConsoleOutput))
#30 {main}

Next Illuminate\Database\QueryException: SQLSTATE[HY000] [1130] Host '192.168.1.109' is not allowed to connect to this MySQL server (SQL: select * from information_schema.tables where table_schema = october_db and table_name = site_backup_setting) in /usr/share/nginx/html/vendor/laravel/framework/src/Illuminate/Database/Connection.php:664
Stack trace:
#0 /usr/share/nginx/html/vendor/laravel/framework/src/Illuminate/Database/Connection.php(624): Illuminate\Database\Connection->runQueryCallback('select * from i...', Array, Object(Closure))
#1 /usr/share/nginx/html/vendor/laravel/framework/src/Illuminate/Database/Connection.php(333): Illuminate\Database\Connection->run('select * from i...', Array, Object(Closure))
#2 /usr/share/nginx/html/vendor/laravel/framework/src/Illuminate/Database/Schema/MySqlBuilder.php(18): Illuminate\Database\Connection->select('select * from i...', Array)
#3 /usr/share/nginx/html/vendor/laravel/framework/src/Illuminate/Support/Facades/Facade.php(221): Illuminate\Database\Schema\MySqlBuilder->hasTable('site_backup_set...')
#4 /usr/share/nginx/html/plugins/rainlab/blog/Plugin.php(172): Illuminate\Support\Facades\Facade::__callStatic('hasTable', Array)
#5 /usr/share/nginx/html/modules/system/ServiceProvider.php(237): RainLab\Blog\Plugin->registerSchedule(Object(Illuminate\Console\Scheduling\Schedule))
#6 [internal function]: System\ServiceProvider->System\{closure}(Object(Illuminate\Console\Scheduling\Schedule))
#7 /usr/share/nginx/html/vendor/october/rain/src/Events/Dispatcher.php(233): call_user_func_array(Object(Closure), Array)
#8 /usr/share/nginx/html/vendor/october/rain/src/Events/Dispatcher.php(197): October\Rain\Events\Dispatcher->dispatch('console.schedul...', Array, false)
#9 /usr/share/nginx/html/vendor/october/rain/src/Foundation/Console/Kernel.php(42): October\Rain\Events\Dispatcher->fire('console.schedul...', Array)
#10 /usr/share/nginx/html/vendor/laravel/framework/src/Illuminate/Foundation/Console/Kernel.php(106): October\Rain\Foundation\Console\Kernel->schedule(Object(Illuminate\Console\Scheduling\Schedule))
#11 /usr/share/nginx/html/vendor/laravel/framework/src/Illuminate/Foundation/Console/Kernel.php(89): Illuminate\Foundation\Console\Kernel->defineConsoleSchedule()
#12 [internal function]: Illuminate\Foundation\Console\Kernel->Illuminate\Foundation\Console\{closure}(Object(October\Rain\Foundation\Application))
#13 /usr/share/nginx/html/vendor/laravel/framework/src/Illuminate/Foundation/Application.php(820): call_user_func(Object(Closure), Object(October\Rain\Foundation\Application))
#14 /usr/share/nginx/html/vendor/laravel/framework/src/Illuminate/Foundation/Application.php(769): Illuminate\Foundation\Application->fireAppCallbacks(Array)
#15 /usr/share/nginx/html/vendor/laravel/framework/src/Illuminate/Foundation/Bootstrap/BootProviders.php(17): Illuminate\Foundation\Application->boot()
#16 /usr/share/nginx/html/vendor/laravel/framework/src/Illuminate/Foundation/Application.php(213): Illuminate\Foundation\Bootstrap\BootProviders->bootstrap(Object(October\Rain\Foundation\Application))
#17 /usr/share/nginx/html/vendor/laravel/framework/src/Illuminate/Foundation/Console/Kernel.php(296): Illuminate\Foundation\Application->bootstrapWith(Array)
#18 /usr/share/nginx/html/vendor/laravel/framework/src/Illuminate/Foundation/Console/Kernel.php(119): Illuminate\Foundation\Console\Kernel->bootstrap()
#19 /usr/share/nginx/html/artisan(35): Illuminate\Foundation\Console\Kernel->handle(Object(Symfony\Component\Console\Input\ArgvInput), Object(Symfony\Component\Console\Output\ConsoleOutput))
#20 {main}  
[2018-08-01 16:59:55] production.ERROR: PDOException: SQLSTATE[HY000] [1130] Host '192.168.1.109' is not allowed to connect to this MySQL server in /usr/share/nginx/html/vendor/doctrine/dbal/lib/Doctrine/DBAL/Driver/PDOConnection.php:43
Stack trace:
#0 /usr/share/nginx/html/vendor/doctrine/dbal/lib/Doctrine/DBAL/Driver/PDOConnection.php(43): PDO->__construct('mysql:host=192....', 'root', 'my-secret-pw', Array)
#1 /usr/share/nginx/html/vendor/laravel/framework/src/Illuminate/Database/Connectors/Connector.php(64): Doctrine\DBAL\Driver\PDOConnection->__construct('mysql:host=192....', 'root', 'my-secret-pw', Array)
#2 /usr/share/nginx/html/vendor/laravel/framework/src/Illuminate/Database/Connectors/Connector.php(43): Illuminate\Database\Connectors\Connector->createPdoConnection('mysql:host=192....', 'root', 'my-secret-pw', Array)
#3 /usr/share/nginx/html/vendor/laravel/framework/src/Illuminate/Database/Connectors/MySqlConnector.php(24): Illuminate\Database\Connectors\Connector->createConnection('mysql:host=192....', Array, Array)
#4 /usr/share/nginx/html/vendor/october/rain/src/Database/Connectors/ConnectionFactory.php(28): Illuminate\Database\Connectors\MySqlConnector->connect(Array)
#5 [internal function]: October\Rain\Database\Connectors\ConnectionFactory->October\Rain\Database\Connectors\{closure}()
#6 /usr/share/nginx/html/vendor/laravel/framework/src/Illuminate/Database/Connection.php(915): call_user_func(Object(Closure))
#7 /usr/share/nginx/html/vendor/laravel/framework/src/Illuminate/Database/Connection.php(940): Illuminate\Database\Connection->getPdo()
#8 /usr/share/nginx/html/vendor/laravel/framework/src/Illuminate/Database/Connection.php(399): Illuminate\Database\Connection->getReadPdo()
#9 /usr/share/nginx/html/vendor/laravel/framework/src/Illuminate/Database/Connection.php(325): Illuminate\Database\Connection->getPdoForSelect(true)
#10 /usr/share/nginx/html/vendor/laravel/framework/src/Illuminate/Database/Connection.php(657): Illuminate\Database\Connection->Illuminate\Database\{closure}('select * from i...', Array)
#11 /usr/share/nginx/html/vendor/laravel/framework/src/Illuminate/Database/Connection.php(624): Illuminate\Database\Connection->runQueryCallback('select * from i...', Array, Object(Closure))
#12 /usr/share/nginx/html/vendor/laravel/framework/src/Illuminate/Database/Connection.php(333): Illuminate\Database\Connection->run('select * from i...', Array, Object(Closure))
#13 /usr/share/nginx/html/vendor/laravel/framework/src/Illuminate/Database/Schema/MySqlBuilder.php(18): Illuminate\Database\Connection->select('select * from i...', Array)
#14 /usr/share/nginx/html/vendor/laravel/framework/src/Illuminate/Support/Facades/Facade.php(221): Illuminate\Database\Schema\MySqlBuilder->hasTable('site_backup_set...')
#15 /usr/share/nginx/html/plugins/rainlab/blog/Plugin.php(172): Illuminate\Support\Facades\Facade::__callStatic('hasTable', Array)
#16 /usr/share/nginx/html/modules/system/ServiceProvider.php(237): RainLab\Blog\Plugin->registerSchedule(Object(Illuminate\Console\Scheduling\Schedule))
#17 [internal function]: System\ServiceProvider->System\{closure}(Object(Illuminate\Console\Scheduling\Schedule))
#18 /usr/share/nginx/html/vendor/october/rain/src/Events/Dispatcher.php(233): call_user_func_array(Object(Closure), Array)
#19 /usr/share/nginx/html/vendor/october/rain/src/Events/Dispatcher.php(197): October\Rain\Events\Dispatcher->dispatch('console.schedul...', Array, false)
#20 /usr/share/nginx/html/vendor/october/rain/src/Foundation/Console/Kernel.php(42): October\Rain\Events\Dispatcher->fire('console.schedul...', Array)
#21 /usr/share/nginx/html/vendor/laravel/framework/src/Illuminate/Foundation/Console/Kernel.php(106): October\Rain\Foundation\Console\Kernel->schedule(Object(Illuminate\Console\Scheduling\Schedule))
#22 /usr/share/nginx/html/vendor/laravel/framework/src/Illuminate/Foundation/Console/Kernel.php(89): Illuminate\Foundation\Console\Kernel->defineConsoleSchedule()
#23 [internal function]: Illuminate\Foundation\Console\Kernel->Illuminate\Foundation\Console\{closure}(Object(October\Rain\Foundation\Application))
#24 /usr/share/nginx/html/vendor/laravel/framework/src/Illuminate/Foundation/Application.php(820): call_user_func(Object(Closure), Object(October\Rain\Foundation\Application))
#25 /usr/share/nginx/html/vendor/laravel/framework/src/Illuminate/Foundation/Application.php(769): Illuminate\Foundation\Application->fireAppCallbacks(Array)
#26 /usr/share/nginx/html/vendor/laravel/framework/src/Illuminate/Foundation/Bootstrap/BootProviders.php(17): Illuminate\Foundation\Application->boot()
#27 /usr/share/nginx/html/vendor/laravel/framework/src/Illuminate/Foundation/Application.php(213): Illuminate\Foundation\Bootstrap\BootProviders->bootstrap(Object(October\Rain\Foundation\Application))
#28 /usr/share/nginx/html/vendor/laravel/framework/src/Illuminate/Foundation/Console/Kernel.php(296): Illuminate\Foundation\Application->bootstrapWith(Array)
#29 /usr/share/nginx/html/vendor/laravel/framework/src/Illuminate/Foundation/Console/Kernel.php(119): Illuminate\Foundation\Console\Kernel->bootstrap()
#30 /usr/share/nginx/html/artisan(35): Illuminate\Foundation\Console\Kernel->handle(Object(Symfony\Component\Console\Input\ArgvInput), Object(Symfony\Component\Console\Output\ConsoleOutput))
#31 {main}

Next Doctrine\DBAL\Driver\PDOException: SQLSTATE[HY000] [1130] Host '192.168.1.109' is not allowed to connect to this MySQL server in /usr/share/nginx/html/vendor/doctrine/dbal/lib/Doctrine/DBAL/Driver/PDOConnection.php:47
Stack trace:
#0 /usr/share/nginx/html/vendor/laravel/framework/src/Illuminate/Database/Connectors/Connector.php(64): Doctrine\DBAL\Driver\PDOConnection->__construct('mysql:host=192....', 'root', 'my-secret-pw', Array)
#1 /usr/share/nginx/html/vendor/laravel/framework/src/Illuminate/Database/Connectors/Connector.php(43): Illuminate\Database\Connectors\Connector->createPdoConnection('mysql:host=192....', 'root', 'my-secret-pw', Array)
#2 /usr/share/nginx/html/vendor/laravel/framework/src/Illuminate/Database/Connectors/MySqlConnector.php(24): Illuminate\Database\Connectors\Connector->createConnection('mysql:host=192....', Array, Array)
#3 /usr/share/nginx/html/vendor/october/rain/src/Database/Connectors/ConnectionFactory.php(28): Illuminate\Database\Connectors\MySqlConnector->connect(Array)
#4 [internal function]: October\Rain\Database\Connectors\ConnectionFactory->October\Rain\Database\Connectors\{closure}()
#5 /usr/share/nginx/html/vendor/laravel/framework/src/Illuminate/Database/Connection.php(915): call_user_func(Object(Closure))
#6 /usr/share/nginx/html/vendor/laravel/framework/src/Illuminate/Database/Connection.php(940): Illuminate\Database\Connection->getPdo()
#7 /usr/share/nginx/html/vendor/laravel/framework/src/Illuminate/Database/Connection.php(399): Illuminate\Database\Connection->getReadPdo()
#8 /usr/share/nginx/html/vendor/laravel/framework/src/Illuminate/Database/Connection.php(325): Illuminate\Database\Connection->getPdoForSelect(true)
#9 /usr/share/nginx/html/vendor/laravel/framework/src/Illuminate/Database/Connection.php(657): Illuminate\Database\Connection->Illuminate\Database\{closure}('select * from i...', Array)
#10 /usr/share/nginx/html/vendor/laravel/framework/src/Illuminate/Database/Connection.php(624): Illuminate\Database\Connection->runQueryCallback('select * from i...', Array, Object(Closure))
#11 /usr/share/nginx/html/vendor/laravel/framework/src/Illuminate/Database/Connection.php(333): Illuminate\Database\Connection->run('select * from i...', Array, Object(Closure))
#12 /usr/share/nginx/html/vendor/laravel/framework/src/Illuminate/Database/Schema/MySqlBuilder.php(18): Illuminate\Database\Connection->select('select * from i...', Array)
#13 /usr/share/nginx/html/vendor/laravel/framework/src/Illuminate/Support/Facades/Facade.php(221): Illuminate\Database\Schema\MySqlBuilder->hasTable('site_backup_set...')
#14 /usr/share/nginx/html/plugins/rainlab/blog/Plugin.php(172): Illuminate\Support\Facades\Facade::__callStatic('hasTable', Array)
#15 /usr/share/nginx/html/modules/system/ServiceProvider.php(237): RainLab\Blog\Plugin->registerSchedule(Object(Illuminate\Console\Scheduling\Schedule))
#16 [internal function]: System\ServiceProvider->System\{closure}(Object(Illuminate\Console\Scheduling\Schedule))
#17 /usr/share/nginx/html/vendor/october/rain/src/Events/Dispatcher.php(233): call_user_func_array(Object(Closure), Array)
#18 /usr/share/nginx/html/vendor/october/rain/src/Events/Dispatcher.php(197): October\Rain\Events\Dispatcher->dispatch('console.schedul...', Array, false)
#19 /usr/share/nginx/html/vendor/october/rain/src/Foundation/Console/Kernel.php(42): October\Rain\Events\Dispatcher->fire('console.schedul...', Array)
#20 /usr/share/nginx/html/vendor/laravel/framework/src/Illuminate/Foundation/Console/Kernel.php(106): October\Rain\Foundation\Console\Kernel->schedule(Object(Illuminate\Console\Scheduling\Schedule))
#21 /usr/share/nginx/html/vendor/laravel/framework/src/Illuminate/Foundation/Console/Kernel.php(89): Illuminate\Foundation\Console\Kernel->defineConsoleSchedule()
#22 [internal function]: Illuminate\Foundation\Console\Kernel->Illuminate\Foundation\Console\{closure}(Object(October\Rain\Foundation\Application))
#23 /usr/share/nginx/html/vendor/laravel/framework/src/Illuminate/Foundation/Application.php(820): call_user_func(Object(Closure), Object(October\Rain\Foundation\Application))
#24 /usr/share/nginx/html/vendor/laravel/framework/src/Illuminate/Foundation/Application.php(769): Illuminate\Foundation\Application->fireAppCallbacks(Array)
#25 /usr/share/nginx/html/vendor/laravel/framework/src/Illuminate/Foundation/Bootstrap/BootProviders.php(17): Illuminate\Foundation\Application->boot()
#26 /usr/share/nginx/html/vendor/laravel/framework/src/Illuminate/Foundation/Application.php(213): Illuminate\Foundation\Bootstrap\BootProviders->bootstrap(Object(October\Rain\Foundation\Application))
#27 /usr/share/nginx/html/vendor/laravel/framework/src/Illuminate/Foundation/Console/Kernel.php(296): Illuminate\Foundation\Application->bootstrapWith(Array)
#28 /usr/share/nginx/html/vendor/laravel/framework/src/Illuminate/Foundation/Console/Kernel.php(119): Illuminate\Foundation\Console\Kernel->bootstrap()
#29 /usr/share/nginx/html/artisan(35): Illuminate\Foundation\Console\Kernel->handle(Object(Symfony\Component\Console\Input\ArgvInput), Object(Symfony\Component\Console\Output\ConsoleOutput))
#30 {main}

Next Illuminate\Database\QueryException: SQLSTATE[HY000] [1130] Host '192.168.1.109' is not allowed to connect to this MySQL server (SQL: select * from information_schema.tables where table_schema = october_db and table_name = site_backup_setting) in /usr/share/nginx/html/vendor/laravel/framework/src/Illuminate/Database/Connection.php:664
Stack trace:
#0 /usr/share/nginx/html/vendor/laravel/framework/src/Illuminate/Database/Connection.php(624): Illuminate\Database\Connection->runQueryCallback('select * from i...', Array, Object(Closure))
#1 /usr/share/nginx/html/vendor/laravel/framework/src/Illuminate/Database/Connection.php(333): Illuminate\Database\Connection->run('select * from i...', Array, Object(Closure))
#2 /usr/share/nginx/html/vendor/laravel/framework/src/Illuminate/Database/Schema/MySqlBuilder.php(18): Illuminate\Database\Connection->select('select * from i...', Array)
#3 /usr/share/nginx/html/vendor/laravel/framework/src/Illuminate/Support/Facades/Facade.php(221): Illuminate\Database\Schema\MySqlBuilder->hasTable('site_backup_set...')
#4 /usr/share/nginx/html/plugins/rainlab/blog/Plugin.php(172): Illuminate\Support\Facades\Facade::__callStatic('hasTable', Array)
#5 /usr/share/nginx/html/modules/system/ServiceProvider.php(237): RainLab\Blog\Plugin->registerSchedule(Object(Illuminate\Console\Scheduling\Schedule))
#6 [internal function]: System\ServiceProvider->System\{closure}(Object(Illuminate\Console\Scheduling\Schedule))
#7 /usr/share/nginx/html/vendor/october/rain/src/Events/Dispatcher.php(233): call_user_func_array(Object(Closure), Array)
#8 /usr/share/nginx/html/vendor/october/rain/src/Events/Dispatcher.php(197): October\Rain\Events\Dispatcher->dispatch('console.schedul...', Array, false)
#9 /usr/share/nginx/html/vendor/october/rain/src/Foundation/Console/Kernel.php(42): October\Rain\Events\Dispatcher->fire('console.schedul...', Array)
#10 /usr/share/nginx/html/vendor/laravel/framework/src/Illuminate/Foundation/Console/Kernel.php(106): October\Rain\Foundation\Console\Kernel->schedule(Object(Illuminate\Console\Scheduling\Schedule))
#11 /usr/share/nginx/html/vendor/laravel/framework/src/Illuminate/Foundation/Console/Kernel.php(89): Illuminate\Foundation\Console\Kernel->defineConsoleSchedule()
#12 [internal function]: Illuminate\Foundation\Console\Kernel->Illuminate\Foundation\Console\{closure}(Object(October\Rain\Foundation\Application))
#13 /usr/share/nginx/html/vendor/laravel/framework/src/Illuminate/Foundation/Application.php(820): call_user_func(Object(Closure), Object(October\Rain\Foundation\Application))
#14 /usr/share/nginx/html/vendor/laravel/framework/src/Illuminate/Foundation/Application.php(769): Illuminate\Foundation\Application->fireAppCallbacks(Array)
#15 /usr/share/nginx/html/vendor/laravel/framework/src/Illuminate/Foundation/Bootstrap/BootProviders.php(17): Illuminate\Foundation\Application->boot()
#16 /usr/share/nginx/html/vendor/laravel/framework/src/Illuminate/Foundation/Application.php(213): Illuminate\Foundation\Bootstrap\BootProviders->bootstrap(Object(October\Rain\Foundation\Application))
#17 /usr/share/nginx/html/vendor/laravel/framework/src/Illuminate/Foundation/Console/Kernel.php(296): Illuminate\Foundation\Application->bootstrapWith(Array)
#18 /usr/share/nginx/html/vendor/laravel/framework/src/Illuminate/Foundation/Console/Kernel.php(119): Illuminate\Foundation\Console\Kernel->bootstrap()
#19 /usr/share/nginx/html/artisan(35): Illuminate\Foundation\Console\Kernel->handle(Object(Symfony\Component\Console\Input\ArgvInput), Object(Symfony\Component\Console\Output\ConsoleOutput))
#20 {main}  
[2018-08-28 17:51:28] production.ERROR: Symfony\Component\Debug\Exception\FatalThrowableError: Parse error: syntax error, unexpected ':' in /usr/share/nginx/html/plugins/rainlab/blog/models/Post.php:898
Stack trace:
#0 [internal function]: October\Rain\Support\ClassLoader->load('RainLab\\Blog\\Mo...')
#1 /usr/share/nginx/html/plugins/rainlab/blog/components/Posts.php(246): spl_autoload_call('RainLab\\Blog\\Mo...')
#2 /usr/share/nginx/html/plugins/rainlab/blog/components/Posts.php(168): RainLab\Blog\Components\Posts->listPosts()
#3 /usr/share/nginx/html/modules/cms/Classes/CmsCompoundObject.php(172): RainLab\Blog\Components\Posts->onRun()
#4 /usr/share/nginx/html/modules/cms/Classes/Controller.php(429): Cms\Classes\CmsCompoundObject->runComponents()
#5 /usr/share/nginx/html/modules/cms/Classes/Controller.php(366): Cms\Classes\Controller->execPageCycle()
#6 /usr/share/nginx/html/modules/cms/Classes/Controller.php(230): Cms\Classes\Controller->runPage(Object(Cms\Classes\Page))
#7 /usr/share/nginx/html/modules/cms/Classes/CmsController.php(50): Cms\Classes\Controller->run('blog/post/20180...')
#8 [internal function]: Cms\Classes\CmsController->run('blog/post/20180...')
#9 /usr/share/nginx/html/vendor/laravel/framework/src/Illuminate/Routing/Controller.php(54): call_user_func_array(Array, Array)
#10 /usr/share/nginx/html/vendor/laravel/framework/src/Illuminate/Routing/ControllerDispatcher.php(45): Illuminate\Routing\Controller->callAction('run', Array)
#11 /usr/share/nginx/html/vendor/laravel/framework/src/Illuminate/Routing/Route.php(212): Illuminate\Routing\ControllerDispatcher->dispatch(Object(Illuminate\Routing\Route), Object(Cms\Classes\CmsController), 'run')
#12 /usr/share/nginx/html/vendor/laravel/framework/src/Illuminate/Routing/Route.php(169): Illuminate\Routing\Route->runController()
#13 /usr/share/nginx/html/vendor/laravel/framework/src/Illuminate/Routing/Router.php(645): Illuminate\Routing\Route->run()
#14 /usr/share/nginx/html/vendor/laravel/framework/src/Illuminate/Routing/Pipeline.php(30): Illuminate\Routing\Router->Illuminate\Routing\{closure}(Object(Illuminate\Http\Request))
#15 /usr/share/nginx/html/vendor/laravel/framework/src/Illuminate/Routing/Middleware/SubstituteBindings.php(41): Illuminate\Routing\Pipeline->Illuminate\Routing\{closure}(Object(Illuminate\Http\Request))
#16 /usr/share/nginx/html/vendor/laravel/framework/src/Illuminate/Pipeline/Pipeline.php(149): Illuminate\Routing\Middleware\SubstituteBindings->handle(Object(Illuminate\Http\Request), Object(Closure))
#17 /usr/share/nginx/html/vendor/laravel/framework/src/Illuminate/Routing/Pipeline.php(53): Illuminate\Pipeline\Pipeline->Illuminate\Pipeline\{closure}(Object(Illuminate\Http\Request))
#18 /usr/share/nginx/html/vendor/laravel/framework/src/Illuminate/View/Middleware/ShareErrorsFromSession.php(49): Illuminate\Routing\Pipeline->Illuminate\Routing\{closure}(Object(Illuminate\Http\Request))
#19 /usr/share/nginx/html/vendor/laravel/framework/src/Illuminate/Pipeline/Pipeline.php(149): Illuminate\View\Middleware\ShareErrorsFromSession->handle(Object(Illuminate\Http\Request), Object(Closure))
#20 /usr/share/nginx/html/vendor/laravel/framework/src/Illuminate/Routing/Pipeline.php(53): Illuminate\Pipeline\Pipeline->Illuminate\Pipeline\{closure}(Object(Illuminate\Http\Request))
#21 /usr/share/nginx/html/vendor/laravel/framework/src/Illuminate/Session/Middleware/StartSession.php(63): Illuminate\Routing\Pipeline->Illuminate\Routing\{closure}(Object(Illuminate\Http\Request))
#22 /usr/share/nginx/html/vendor/laravel/framework/src/Illuminate/Pipeline/Pipeline.php(149): Illuminate\Session\Middleware\StartSession->handle(Object(Illuminate\Http\Request), Object(Closure))
#23 /usr/share/nginx/html/vendor/laravel/framework/src/Illuminate/Routing/Pipeline.php(53): Illuminate\Pipeline\Pipeline->Illuminate\Pipeline\{closure}(Object(Illuminate\Http\Request))
#24 /usr/share/nginx/html/vendor/laravel/framework/src/Illuminate/Cookie/Middleware/AddQueuedCookiesToResponse.php(37): Illuminate\Routing\Pipeline->Illuminate\Routing\{closure}(Object(Illuminate\Http\Request))
#25 /usr/share/nginx/html/vendor/laravel/framework/src/Illuminate/Pipeline/Pipeline.php(149): Illuminate\Cookie\Middleware\AddQueuedCookiesToResponse->handle(Object(Illuminate\Http\Request), Object(Closure))
#26 /usr/share/nginx/html/vendor/laravel/framework/src/Illuminate/Routing/Pipeline.php(53): Illuminate\Pipeline\Pipeline->Illuminate\Pipeline\{closure}(Object(Illuminate\Http\Request))
#27 /usr/share/nginx/html/vendor/laravel/framework/src/Illuminate/Cookie/Middleware/EncryptCookies.php(59): Illuminate\Routing\Pipeline->Illuminate\Routing\{closure}(Object(Illuminate\Http\Request))
#28 /usr/share/nginx/html/vendor/laravel/framework/src/Illuminate/Pipeline/Pipeline.php(149): Illuminate\Cookie\Middleware\EncryptCookies->handle(Object(Illuminate\Http\Request), Object(Closure))
#29 /usr/share/nginx/html/vendor/laravel/framework/src/Illuminate/Routing/Pipeline.php(53): Illuminate\Pipeline\Pipeline->Illuminate\Pipeline\{closure}(Object(Illuminate\Http\Request))
#30 /usr/share/nginx/html/vendor/laravel/framework/src/Illuminate/Pipeline/Pipeline.php(102): Illuminate\Routing\Pipeline->Illuminate\Routing\{closure}(Object(Illuminate\Http\Request))
#31 /usr/share/nginx/html/vendor/laravel/framework/src/Illuminate/Routing/Router.php(647): Illuminate\Pipeline\Pipeline->then(Object(Closure))
#32 /usr/share/nginx/html/vendor/laravel/framework/src/Illuminate/Routing/Router.php(622): Illuminate\Routing\Router->runRouteWithinStack(Object(Illuminate\Routing\Route), Object(Illuminate\Http\Request))
#33 /usr/share/nginx/html/vendor/laravel/framework/src/Illuminate/Routing/Router.php(588): Illuminate\Routing\Router->runRoute(Object(Illuminate\Http\Request), Object(Illuminate\Routing\Route))
#34 /usr/share/nginx/html/vendor/october/rain/src/Router/CoreRouter.php(20): Illuminate\Routing\Router->dispatchToRoute(Object(Illuminate\Http\Request))
#35 /usr/share/nginx/html/vendor/laravel/framework/src/Illuminate/Foundation/Http/Kernel.php(176): October\Rain\Router\CoreRouter->dispatch(Object(Illuminate\Http\Request))
#36 /usr/share/nginx/html/vendor/laravel/framework/src/Illuminate/Routing/Pipeline.php(30): Illuminate\Foundation\Http\Kernel->Illuminate\Foundation\Http\{closure}(Object(Illuminate\Http\Request))
#37 /usr/share/nginx/html/vendor/laravel/framework/src/Illuminate/Foundation/Http/Middleware/CheckForMaintenanceMode.php(46): Illuminate\Routing\Pipeline->Illuminate\Routing\{closure}(Object(Illuminate\Http\Request))
#38 /usr/share/nginx/html/vendor/laravel/framework/src/Illuminate/Pipeline/Pipeline.php(149): Illuminate\Foundation\Http\Middleware\CheckForMaintenanceMode->handle(Object(Illuminate\Http\Request), Object(Closure))
#39 /usr/share/nginx/html/vendor/laravel/framework/src/Illuminate/Routing/Pipeline.php(53): Illuminate\Pipeline\Pipeline->Illuminate\Pipeline\{closure}(Object(Illuminate\Http\Request))
#40 /usr/share/nginx/html/vendor/laravel/framework/src/Illuminate/Pipeline/Pipeline.php(102): Illuminate\Routing\Pipeline->Illuminate\Routing\{closure}(Object(Illuminate\Http\Request))
#41 /usr/share/nginx/html/vendor/laravel/framework/src/Illuminate/Foundation/Http/Kernel.php(151): Illuminate\Pipeline\Pipeline->then(Object(Closure))
#42 /usr/share/nginx/html/vendor/laravel/framework/src/Illuminate/Foundation/Http/Kernel.php(116): Illuminate\Foundation\Http\Kernel->sendRequestThroughRouter(Object(Illuminate\Http\Request))
#43 /usr/share/nginx/html/index.php(43): Illuminate\Foundation\Http\Kernel->handle(Object(Illuminate\Http\Request))
#44 {main}  
